<?xml version="1.0" encoding="UTF-8"?>
<!-- Generated by org.testng.reporters.JUnitXMLReporter -->
<testsuite hostname="VAIO" ignored="0" name="Test" tests="3" failures="0" timestamp="17 Oct 2020 11:08:32 GMT" time="36.517" errors="0">
  <testcase name="validateGoogleId" time="14.543" classname="com.deepan.learning.jenkins.SampleSeleniumTest"/>
  <testcase name="testAdd" time="0.031" classname="com.deepan.learning.jenkins.JenkinsCalFuncationTest"/>
  <testcase name="testSubtract" time="0.0" classname="com.deepan.learning.jenkins.JenkinsCalFuncationTest"/>
</testsuite> <!-- Test -->
