<?xml version="1.0" encoding="UTF-8"?>
<!-- Generated by org.testng.reporters.JUnitXMLReporter -->
<testsuite hostname="VAIO" ignored="0" name="Command line test" tests="3" failures="0" timestamp="17 Oct 2020 11:26:31 GMT" time="48.784" errors="0">
  <testcase name="testAdd" time="0.024" classname="com.deepan.learning.jenkins.JenkinsCalFuncationTest"/>
  <testcase name="testSubtract" time="0.0" classname="com.deepan.learning.jenkins.JenkinsCalFuncationTest"/>
  <testcase name="validateGoogleId" time="19.28" classname="com.deepan.learning.jenkins.SampleSeleniumTest"/>
</testsuite> <!-- Command line test -->
