<?xml version="1.0" encoding="UTF-8"?>
<testng-results skipped="0" failed="0" ignored="0" total="3" passed="3">
  <reporter-output>
  </reporter-output>
  <suite name="Testing Google Apps" duration-ms="36517" started-at="2020-10-17T11:07:55Z" finished-at="2020-10-17T11:08:32Z">
    <groups>
    </groups>
    <test name="Test" duration-ms="36517" started-at="2020-10-17T11:07:55Z" finished-at="2020-10-17T11:08:32Z">
      <class name="com.deepan.learning.jenkins.SampleSeleniumTest">
        <test-method status="PASS" signature="startBrowser()[pri:0, instance:com.deepan.learning.jenkins.SampleSeleniumTest@47c62251]" name="startBrowser" is-config="true" duration-ms="19763" started-at="2020-10-17T11:07:55Z" finished-at="2020-10-17T11:08:15Z">
          <reporter-output>
          </reporter-output>
        </test-method> <!-- startBrowser -->
        <test-method status="PASS" signature="validateGoogleId()[pri:0, instance:com.deepan.learning.jenkins.SampleSeleniumTest@47c62251]" name="validateGoogleId" duration-ms="14543" started-at="2020-10-17T11:08:15Z" finished-at="2020-10-17T11:08:30Z">
          <reporter-output>
          </reporter-output>
        </test-method> <!-- validateGoogleId -->
        <test-method status="PASS" signature="closeBrowsr()[pri:0, instance:com.deepan.learning.jenkins.SampleSeleniumTest@47c62251]" name="closeBrowsr" is-config="true" duration-ms="2000" started-at="2020-10-17T11:08:30Z" finished-at="2020-10-17T11:08:32Z">
          <reporter-output>
          </reporter-output>
        </test-method> <!-- closeBrowsr -->
      </class> <!-- com.deepan.learning.jenkins.SampleSeleniumTest -->
      <class name="com.deepan.learning.jenkins.JenkinsCalFuncationTest">
        <test-method status="PASS" signature="testAdd()[pri:0, instance:com.deepan.learning.jenkins.JenkinsCalFuncationTest@3e6fa38a]" name="testAdd" duration-ms="31" started-at="2020-10-17T11:08:32Z" finished-at="2020-10-17T11:08:32Z">
          <reporter-output>
          </reporter-output>
        </test-method> <!-- testAdd -->
        <test-method status="PASS" signature="testSubtract()[pri:0, instance:com.deepan.learning.jenkins.JenkinsCalFuncationTest@3e6fa38a]" name="testSubtract" duration-ms="0" started-at="2020-10-17T11:08:32Z" finished-at="2020-10-17T11:08:32Z">
          <reporter-output>
          </reporter-output>
        </test-method> <!-- testSubtract -->
      </class> <!-- com.deepan.learning.jenkins.JenkinsCalFuncationTest -->
    </test> <!-- Test -->
  </suite> <!-- Testing Google Apps -->
</testng-results>
